e5afe2af-symbols/mapping/release/seeds.txt
com.google.android.material.appbar.AppBarLayout$Behavior: AppBarLayout$Behavior()
androidx.cardview.widget.CardView: android.content.res.ColorStateList getCardBackgroundColor()
com.google.android.material.navigation.NavigationBarView: int getItemBackgroundResource()
com.google.android.material.textfield.TextInputLayout: void setEndIconTintMode(android.graphics.PorterDuff$Mode)
com.google.android.material.textfield.TextInputLayout: android.content.res.ColorStateList getDefaultHintTextColor()
com.google.android.material.slider.Slider: android.content.res.ColorStateList getTrackInactiveTintList()
androidx.appcompat.widget.DialogTitle: DialogTitle(android.content.Context,android.util.AttributeSet,int)
com.google.android.material.button.MaterialButton: void setInsetBottom(int)
com.google.android.material.textfield.TextInputLayout: void setEndIconDrawable(android.graphics.drawable.Drawable)
com.google.android.material.textfield.TextInputLayout: void setPasswordVisibilityToggleDrawable(int)
com.topjohnwu.magisk.core.data.SuLogDatabase_Impl: SuLogDatabase_Impl()
com.google.android.material.slider.Slider: Slider(android.content.Context)
androidx.appcompat.widget.SwitchCompat: void setSwitchTypeface(android.graphics.Typeface)
com.google.android.material.slider.BaseSlider: void setActiveThumbIndex(int)
androidx.vectordrawable.graphics.drawable.VectorDrawableCompat$VFullPath: int getFillColor()
androidx.appcompat.widget.Toolbar: android.widget.TextView getSubtitleTextView()
com.google.android.material.snackbar.Snackbar$SnackbarLayout: void setBackground(android.graphics.drawable.Drawable)
com.google.android.material.floatingactionbutton.FloatingActionButton: void setBackgroundTintMode(android.graphics.PorterDuff$Mode)
androidx.appcompat.widget.Toolbar: java.lang.CharSequence getTitle()
com.topjohnwu.widget.IndeterminateCheckBox: void setOnStateChangedListener(com.topjohnwu.widget.IndeterminateCheckBox$OnStateChangedListener)
androidx.fragment.app.FragmentContainerView: void setDrawDisappearingViewsLast(boolean)
androidx.appcompat.widget.FitWindowsLinearLayout: FitWindowsLinearLayout(android.content.Context)
androidx.core.view.WindowInsetsCompat$Impl20: androidx.core.view.WindowInsetsCompat inset(int,int,int,int)
androidx.appcompat.widget.AppCompatAutoCompleteTextView: android.view.ActionMode$Callback getCustomSelectionActionModeCallback()
androidx.appcompat.widget.Toolbar: android.widget.TextView getTitleTextView()
com.google.android.material.navigation.NavigationBarView: void setItemIconGravity(int)
com.google.android.material.card.MaterialCardView: int getContentPaddingRight()
androidx.core.view.WindowInsetsCompat$Impl: WindowInsetsCompat$Impl(androidx.core.view.WindowInsetsCompat)
androidx.appcompat.widget.AppCompatRadioButton: void setAllCaps(boolean)
com.topjohnwu.magisk.core.data.RawUrl: java.lang.Object fetchUpdateJson(java.lang.String,kotlin.coroutines.Continuation)
com.google.android.material.card.MaterialCardView: void setBackground(android.graphics.drawable.Drawable)
com.google.android.material.checkbox.MaterialCheckBox: void setErrorShown(boolean)
com.google.android.material.floatingactionbutton.FloatingActionButton: void setSupportBackgroundTintList(android.content.res.ColorStateList)
androidx.fragment.app.DefaultSpecialEffectsController$Api24Impl: long totalDuration(android.animation.AnimatorSet)
com.topjohnwu.magisk.test.Environment: void setupEnvironment()
com.squareup.moshi.JsonReader$Token: com.squareup.moshi.JsonReader$Token[] values()
kotlinx.coroutines.channels.BufferOverflow: kotlinx.coroutines.channels.BufferOverflow valueOf(java.lang.String)
kotlin.LazyThreadSafetyMode: kotlin.LazyThreadSafetyMode valueOf(java.lang.String)
androidx.appcompat.widget.MenuPopupWindow$MenuDropDownListView: void setHoverListener(androidx.appcompat.widget.MenuItemHoverListener)
com.topjohnwu.magisk.core.model.Release: Release(java.lang.String,java.lang.String,boolean,java.util.List,java.lang.String,java.time.Instant)