e5afe2af-symbols/mapping/release/usage.txt
org.bouncycastle.asn1.DERVideotexString:
    static void <clinit>()
    public static org.bouncycastle.asn1.DERVideotexString createPrimitive(byte[])
org.bouncycastle.asn1.DERVisibleString:
    static void <clinit>()
    public static org.bouncycastle.asn1.DERVisibleString createPrimitive(byte[])
org.bouncycastle.asn1.DLBitString:
    public static void encode(org.bouncycastle.asn1.ASN1OutputStream,byte,byte[],int,int)
org.bouncycastle.asn1.DLExternal:
    public void <init>(org.bouncycastle.asn1.DLSequence)
org.bouncycastle.asn1.DLSequence:
    public final org.bouncycastle.asn1.ASN1External toASN1External()
org.bouncycastle.asn1.DefiniteLengthInputStream:
    public static int getRemaining()
    public static void readAllIntoByteArray()
org.bouncycastle.asn1.IndefiniteLengthInputStream:
    public final void setEofOn00(boolean)
org.bouncycastle.asn1.LazyEncodedSequence:
    public final synchronized byte[] getContents()
    public final org.bouncycastle.asn1.ASN1External toASN1External()
org.bouncycastle.asn1.LimitedInputStream:
    public abstract int getLimit()
org.bouncycastle.asn1.OIDTokenizer
org.bouncycastle.asn1.bc.BCObjectIdentifiers:
    public static final org.bouncycastle.asn1.ASN1ObjectIdentifier bc
    public static final org.bouncycastle.asn1.ASN1ObjectIdentifier bc_exch
    public static final org.bouncycastle.asn1.ASN1ObjectIdentifier bc_ext
    public static final org.bouncycastle.asn1.ASN1ObjectIdentifier bc_kem
    public static final org.bouncycastle.asn1.ASN1ObjectIdentifier bc_pbe
    public static final org.bouncycastle.asn1.ASN1ObjectIdentifier bc_pbe_sha1
    public static final org.bouncycastle.asn1.ASN1ObjectIdentifier bc_pbe_sha1_pkcs12
    public static final org.bouncycastle.asn1.ASN1ObjectIdentifier bc_pbe_sha256
    public static final org.bouncycastle.asn1.ASN1ObjectIdentifier bc_pbe_sha256_pkcs12
    public static final org.bouncycastle.asn1.ASN1ObjectIdentifier bc_sig
    public static final org.bouncycastle.asn1.ASN1ObjectIdentifier mayo
    public static final org.bouncycastle.asn1.ASN1ObjectIdentifier picnic
    public static final org.bouncycastle.asn1.ASN1ObjectIdentifier picnic_key
    public static final org.bouncycastle.asn1.ASN1ObjectIdentifier pqc_kem_bike
    public static final org.bouncycastle.asn1.ASN1ObjectIdentifier pqc_kem_frodo
    public static final org.bouncycastle.asn1.ASN1ObjectIdentifier pqc_kem_hqc
    public static final org.bouncycastle.asn1.ASN1ObjectIdentifier pqc_kem_kyber
    public static final org.bouncycastle.asn1.ASN1ObjectIdentifier pqc_kem_mceliece
org.bouncycastle.asn1.bsi.BSIObjectIdentifiers:
    public static final org.bouncycastle.asn1.ASN1ObjectIdentifier bsi_de
    public static final org.bouncycastle.asn1.ASN1ObjectIdentifier ecdsa_plain_signatures
    public static final org.bouncycastle.asn1.ASN1ObjectIdentifier ecka_eg
    public static final org.bouncycastle.asn1.ASN1ObjectIdentifier ecka_eg_SessionKDF
    public static final org.bouncycastle.asn1.ASN1ObjectIdentifier ecka_eg_X963kdf
    public static final org.bouncycastle.asn1.ASN1ObjectIdentifier id_ecc
org.bouncycastle.asn1.cms.Attribute
org.bouncycastle.asn1.cms.AttributeTable
org.bouncycastle.asn1.cms.CMSAlgorithmProtection
org.bouncycastle.asn1.cms.CMSAttributes
org.bouncycastle.asn1.cms.CMSObjectIdentifiers:
    public static final org.bouncycastle.asn1.ASN1ObjectIdentifier id_ori
    public static final org.bouncycastle.asn1.ASN1ObjectIdentifier id_ri
org.bouncycastle.asn1.cms.ContentInfo:
    public void <init>(org.bouncycastle.asn1.ASN1Sequence)
    public static org.bouncycastle.asn1.ASN1Encodable getContent()
    public static org.bouncycastle.asn1.ASN1ObjectIdentifier getContentType()
    public static boolean isDefiniteLength()
org.bouncycastle.asn1.cms.SignedData:
    public void <init>(org.bouncycastle.asn1.ASN1Sequence)
    public static org.bouncycastle.asn1.cms.ContentInfo getEncapContentInfo()